<?xml version="1.0" encoding="UTF-8"?>
<testsuite xmlns:xsi="http://www.w3.org/2001/XMLSchema-instance" xsi:noNamespaceSchemaLocation="https://maven.apache.org/surefire/maven-surefire-plugin/xsd/surefire-test-report.xsd" version="3.0.2" name="com.lms.LmsApplicationTests" time="10.279" tests="1" errors="0" skipped="0" failures="0">
  <properties>
[...]
</properties>
  <testcase name="contextLoads" classname="com.lms.LmsApplicationTests" time="0.857">
    <system-out><![CDATA[12:05:19.961 [main] INFO org.springframework.test.context.support.AnnotationConfigContextLoaderUtils -- Could not detect default configuration classes for test class [com.lms.LmsApplicationTests]: LmsApplicationTests does not declare any static, non-private, non-final, nested classes annotated with @Configuration.
12:05:20.209 [main] INFO org.springframework.boot.test.context.SpringBootTestContextBootstrapper -- Found @SpringBootConfiguration com.lms.LmsApplication for test class com.lms.LmsApplicationTests
12:05:20.477 [main] INFO org.springframework.boot.devtools.restart.RestartApplicationListener -- Restart disabled due to context in which it is running

  .   ____          _            __ _ _
 /\\ / ___'_ __ _ _(_)_ __  __ _ \ \ \ \
( ( )\___ | '_ | '_| | '_ \/ _` | \ \ \ \
 \\/  ___)| |_)| | | | | || (_| |  ) ) ) )
  '  |____| .__|_| |_|_| |_\__, | / / / /
 =========|_|==============|___/=/_/_/_/

 :: Spring Boot ::                (v3.4.0)

2024-12-15T12:05:20.975+05:30  INFO 27580 --- [lms] [           main] com.lms.LmsApplicationTests              : Starting LmsApplicationTests using Java 17.0.7 with PID 27580 (started by hp in C:\Users\hp\OneDrive\Documents\projects\lms)
2024-12-15T12:05:20.983+05:30  INFO 27580 --- [lms] [           main] com.lms.LmsApplicationTests              : No active profile set, falling back to 1 default profile: "default"
2024-12-15T12:05:22.280+05:30  INFO 27580 --- [lms] [           main] .s.d.r.c.RepositoryConfigurationDelegate : Bootstrapping Spring Data JPA repositories in DEFAULT mode.
2024-12-15T12:05:22.426+05:30  INFO 27580 --- [lms] [           main] .s.d.r.c.RepositoryConfigurationDelegate : Finished Spring Data repository scanning in 130 ms. Found 3 JPA repository interfaces.
2024-12-15T12:05:23.151+05:30  INFO 27580 --- [lms] [           main] o.hibernate.jpa.internal.util.LogHelper  : HHH000204: Processing PersistenceUnitInfo [name: default]
2024-12-15T12:05:23.294+05:30  INFO 27580 --- [lms] [           main] org.hibernate.Version                    : HHH000412: Hibernate ORM core version 6.6.2.Final
2024-12-15T12:05:23.374+05:30  INFO 27580 --- [lms] [           main] o.h.c.internal.RegionFactoryInitiator    : HHH000026: Second-level cache disabled
2024-12-15T12:05:24.007+05:30  INFO 27580 --- [lms] [           main] o.s.o.j.p.SpringPersistenceUnitInfo      : No LoadTimeWeaver setup: ignoring JPA class transformer
2024-12-15T12:05:24.061+05:30  INFO 27580 --- [lms] [           main] com.zaxxer.hikari.HikariDataSource       : HikariPool-1 - Starting...
2024-12-15T12:05:24.406+05:30  INFO 27580 --- [lms] [           main] com.zaxxer.hikari.pool.HikariPool        : HikariPool-1 - Added connection org.postgresql.jdbc.PgConnection@2f07930a
2024-12-15T12:05:24.409+05:30  INFO 27580 --- [lms] [           main] com.zaxxer.hikari.HikariDataSource       : HikariPool-1 - Start completed.
2024-12-15T12:05:24.472+05:30  WARN 27580 --- [lms] [           main] org.hibernate.orm.deprecation            : HHH90000025: PostgreSQLDialect does not need to be specified explicitly using 'hibernate.dialect' (remove the property setting and it will be selected by default)
2024-12-15T12:05:24.508+05:30  INFO 27580 --- [lms] [           main] org.hibernate.orm.connections.pooling    : HHH10001005: Database info:
	Database JDBC URL [Connecting through datasource 'HikariDataSource (HikariPool-1)']
	Database driver: undefined/unknown
	Database version: 15.3
	Autocommit mode: undefined/unknown
	Isolation level: undefined/unknown
	Minimum pool size: undefined/unknown
	Maximum pool size: undefined/unknown
2024-12-15T12:05:26.119+05:30  INFO 27580 --- [lms] [           main] o.h.e.t.j.p.i.JtaPlatformInitiator       : HHH000489: No JTA platform available (set 'hibernate.transaction.jta.platform' to enable JTA platform integration)
2024-12-15T12:05:26.257+05:30  INFO 27580 --- [lms] [           main] j.LocalContainerEntityManagerFactoryBean : Initialized JPA EntityManagerFactory for persistence unit 'default'
2024-12-15T12:05:26.697+05:30  INFO 27580 --- [lms] [           main] o.s.d.j.r.query.QueryEnhancerFactory     : Hibernate is in classpath; If applicable, HQL parser will be used.
2024-12-15T12:05:28.156+05:30  WARN 27580 --- [lms] [           main] JpaBaseConfiguration$JpaWebConfiguration : spring.jpa.open-in-view is enabled by default. Therefore, database queries may be performed during view rendering. Explicitly configure spring.jpa.open-in-view to disable this warning
2024-12-15T12:05:28.208+05:30  INFO 27580 --- [lms] [           main] o.s.b.a.w.s.WelcomePageHandlerMapping    : Adding welcome page: class path resource [static/index.html]
2024-12-15T12:05:29.091+05:30  INFO 27580 --- [lms] [           main] com.lms.LmsApplicationTests              : Started LmsApplicationTests in 8.63 seconds (process running for 10.24)
]]></system-out>
  </testcase>
</testsuite>